
══════════════════════════════════════════════════════════════
  5G SCHEDULING LP SOLVER
══════════════════════════════════════════════════════════════
  Mode            : all
  UEs (N)         : 3
  TTIs (K)        : 1000
  EWMA alpha      : 0.0005  (window ≈ 2000 TTIs)
  Channel model   : exponential
  Random seed     : 42
  Rate guarantees : [60.0, 0.0, 0.0] Mbps
  Output dir      : /home/prarabdha-srivastava/Desktop/iisc/mt_project/5g_scheduling/results/all

  Average rates per UE : [120.  75.  30.] Mbps

════════════════════════════════════════════════════════
  Problem Type 1 — Max Sum Throughput  [U(θ) = θ]
════════════════════════════════════════════════════════
  UE       Avg Rate   Throughput   Share         RG   Met
  ────────────────────────────────────────────────────────
  UE 0    120.0 Mbps      96.73 Mbps    64.2%          —      
  UE 1     75.0 Mbps      47.86 Mbps    31.8%          —      
  UE 2     30.0 Mbps       6.12 Mbps     4.1%          —      
  ────────────────────────────────────────────────────────
                    Total     150.71 Mbps
      Jain fairness index     0.6479  (1.0 = perfectly fair)
[SAVED] Raw data   → /home/prarabdha-srivastava/Desktop/iisc/mt_project/5g_scheduling/results/all/data_20260408_170127.npz

  [Config] Weights : [3. 2. 1.]

════════════════════════════════════════════════════════
  Problem Type 2 — Max Weighted Throughput  [U(θ) = w·θ]
════════════════════════════════════════════════════════
  UE       Avg Rate   Throughput   Share         RG   Met
  ────────────────────────────────────────────────────────
  UE 0    120.0 Mbps     105.41 Mbps    71.3%          —      
  UE 1     75.0 Mbps      40.93 Mbps    27.7%          —      
  UE 2     30.0 Mbps       1.48 Mbps     1.0%          —      
  ────────────────────────────────────────────────────────
                    Total     147.81 Mbps
      Jain fairness index     0.5695  (1.0 = perfectly fair)
[SAVED] Raw data   → /home/prarabdha-srivastava/Desktop/iisc/mt_project/5g_scheduling/results/all/data_20260408_170127.npz

  [Config] EWMA init (avg rates) : [116.7   77.63  30.1 ] Mbps
  [Config] PF weights (1/θ̄)      : [0.00857 0.01288 0.03323]

════════════════════════════════════════════════════════
  Problem Type 3 — Proportional Fair  [U(θ) = log(θ)]
════════════════════════════════════════════════════════
  UE       Avg Rate   Throughput   Share         RG   Met
  ────────────────────────────────────────────────────────
  UE 0    120.0 Mbps      71.19 Mbps    52.3%          —      
  UE 1     75.0 Mbps      46.43 Mbps    34.1%          —      
  UE 2     30.0 Mbps      18.63 Mbps    13.7%          —      
  ────────────────────────────────────────────────────────
                    Total     136.25 Mbps
      Jain fairness index     0.8174  (1.0 = perfectly fair)
[SAVED] Raw data   → /home/prarabdha-srivastava/Desktop/iisc/mt_project/5g_scheduling/results/all/data_20260408_170127.npz

  [Config] Rate Guarantees : [60.  0.  0.] Mbps
  [Config] PF weights      : [0.00857 0.01288 0.03323]

════════════════════════════════════════════════════════
  Problem Type 4 — PF with Rate Guarantee (GBR)
════════════════════════════════════════════════════════
  UE       Avg Rate   Throughput   Share         RG   Met
  ────────────────────────────────────────────────────────
  UE 0    120.0 Mbps      71.19 Mbps    52.3%    60 Mbps     ✓
  UE 1     75.0 Mbps      46.43 Mbps    34.1%          —      
  UE 2     30.0 Mbps      18.63 Mbps    13.7%          —      
  ────────────────────────────────────────────────────────
                    Total     136.25 Mbps
      Jain fairness index     0.8174  (1.0 = perfectly fair)
[SAVED] Raw data   → /home/prarabdha-srivastava/Desktop/iisc/mt_project/5g_scheduling/results/all/data_20260408_170127.npz

══════════════════════════════════════════════════════════════
  COMPARISON SUMMARY
══════════════════════════════════════════════════════════════
  Scheduler      Total (Mbps)   Jain Index     Feasible
  ──────────────────────────────────────────────────────
  MS                   150.71       0.6479          Yes
  MWT                  147.81       0.5695          Yes
  PF                   136.25       0.8174          Yes
  PF-RG                136.25       0.8174          Yes
  ──────────────────────────────────────────────────────
[SAVED] Plot       → /home/prarabdha-srivastava/Desktop/iisc/mt_project/5g_scheduling/results/all/comparison_20260408_170127.png

[DONE] All outputs in : /home/prarabdha-srivastava/Desktop/iisc/mt_project/5g_scheduling/results/all

